{"/Users/juan.gonzalez/front-end/calendar/mintrick-calendar/src/components/viewers/month-viewer/month-viewer.tsx": {"path":"/Users/juan.gonzalez/front-end/calendar/mintrick-calendar/src/components/viewers/month-viewer/month-viewer.tsx","statementMap":{"0":{"start":{"line":2,"column":0},"end":{"line":2,"column":62}},"1":{"start":{"line":3,"column":131},"end":{"line":3,"column":155}},"2":{"start":{"line":4,"column":15},"end":{"line":4,"column":39}},"3":{"start":{"line":7,"column":8},"end":{"line":7,"column":50}},"4":{"start":{"line":8,"column":8},"end":{"line":8,"column":25}},"5":{"start":{"line":9,"column":8},"end":{"line":9,"column":32}},"6":{"start":{"line":10,"column":8},"end":{"line":10,"column":28}},"7":{"start":{"line":11,"column":8},"end":{"line":16,"column":10}},"8":{"start":{"line":12,"column":12},"end":{"line":12,"column":57}},"9":{"start":{"line":12,"column":37},"end":{"line":12,"column":55}},"10":{"start":{"line":13,"column":12},"end":{"line":13,"column":30}},"11":{"start":{"line":14,"column":12},"end":{"line":14,"column":39}},"12":{"start":{"line":15,"column":12},"end":{"line":15,"column":39}},"13":{"start":{"line":17,"column":8},"end":{"line":17,"column":25}},"14":{"start":{"line":18,"column":8},"end":{"line":18,"column":77}},"15":{"start":{"line":21,"column":8},"end":{"line":25,"column":9}},"16":{"start":{"line":22,"column":22},"end":{"line":22,"column":76}},"17":{"start":{"line":22,"column":44},"end":{"line":22,"column":75}},"18":{"start":{"line":23,"column":12},"end":{"line":23,"column":30}},"19":{"start":{"line":24,"column":12},"end":{"line":24,"column":39}},"20":{"start":{"line":28,"column":8},"end":{"line":36,"column":9}},"21":{"start":{"line":28,"column":21},"end":{"line":28,"column":22}},"22":{"start":{"line":29,"column":22},"end":{"line":29,"column":46}},"23":{"start":{"line":30,"column":26},"end":{"line":30,"column":70}},"24":{"start":{"line":31,"column":12},"end":{"line":35,"column":15}},"25":{"start":{"line":39,"column":8},"end":{"line":43,"column":10}},"26":{"start":{"line":47,"column":8},"end":{"line":52,"column":18}},"27":{"start":{"line":50,"column":40},"end":{"line":50,"column":103}},"28":{"start":{"line":51,"column":16},"end":{"line":51,"column":111}},"29":{"start":{"line":51,"column":80},"end":{"line":51,"column":99}},"30":{"start":{"line":55,"column":33},"end":{"line":170,"column":6}},"31":{"start":{"line":171,"column":15},"end":{"line":171,"column":92}},"32":{"start":{"line":173,"column":0},"end":{"line":173,"column":34}}},"fnMap":{"0":{"name":"(anonymous_0)","decl":{"start":{"line":6,"column":4},"end":{"line":6,"column":5}},"loc":{"start":{"line":6,"column":25},"end":{"line":19,"column":5}},"line":6},"1":{"name":"(anonymous_1)","decl":{"start":{"line":11,"column":27},"end":{"line":11,"column":28}},"loc":{"start":{"line":11,"column":34},"end":{"line":16,"column":9}},"line":11},"2":{"name":"(anonymous_2)","decl":{"start":{"line":12,"column":32},"end":{"line":12,"column":33}},"loc":{"start":{"line":12,"column":37},"end":{"line":12,"column":55}},"line":12},"3":{"name":"(anonymous_3)","decl":{"start":{"line":20,"column":4},"end":{"line":20,"column":5}},"loc":{"start":{"line":20,"column":23},"end":{"line":26,"column":5}},"line":20},"4":{"name":"(anonymous_4)","decl":{"start":{"line":22,"column":39},"end":{"line":22,"column":40}},"loc":{"start":{"line":22,"column":44},"end":{"line":22,"column":75}},"line":22},"5":{"name":"(anonymous_5)","decl":{"start":{"line":27,"column":4},"end":{"line":27,"column":5}},"loc":{"start":{"line":27,"column":16},"end":{"line":37,"column":5}},"line":27},"6":{"name":"(anonymous_6)","decl":{"start":{"line":38,"column":4},"end":{"line":38,"column":5}},"loc":{"start":{"line":38,"column":15},"end":{"line":44,"column":5}},"line":38},"7":{"name":"(anonymous_7)","decl":{"start":{"line":46,"column":4},"end":{"line":46,"column":5}},"loc":{"start":{"line":46,"column":23},"end":{"line":53,"column":5}},"line":46},"8":{"name":"(anonymous_8)","decl":{"start":{"line":49,"column":84},"end":{"line":49,"column":85}},"loc":{"start":{"line":49,"column":91},"end":{"line":52,"column":13}},"line":49},"9":{"name":"(anonymous_9)","decl":{"start":{"line":51,"column":74},"end":{"line":51,"column":75}},"loc":{"start":{"line":51,"column":80},"end":{"line":51,"column":99}},"line":51},"10":{"name":"(anonymous_10)","decl":{"start":{"line":55,"column":4},"end":{"line":55,"column":5}},"loc":{"start":{"line":55,"column":31},"end":{"line":170,"column":8}},"line":55},"11":{"name":"(anonymous_11)","decl":{"start":{"line":171,"column":4},"end":{"line":171,"column":5}},"loc":{"start":{"line":171,"column":13},"end":{"line":171,"column":94}},"line":171}},"branchMap":{"0":{"loc":{"start":{"line":21,"column":8},"end":{"line":25,"column":9}},"type":"if","locations":[{"start":{"line":21,"column":8},"end":{"line":25,"column":9}},{"start":{"line":21,"column":8},"end":{"line":25,"column":9}}],"line":21},"1":{"loc":{"start":{"line":50,"column":73},"end":{"line":50,"column":101}},"type":"cond-expr","locations":[{"start":{"line":50,"column":86},"end":{"line":50,"column":96}},{"start":{"line":50,"column":99},"end":{"line":50,"column":101}}],"line":50}},"s":{"0":1,"1":1,"2":1,"3":2,"4":2,"5":2,"6":2,"7":2,"8":0,"9":0,"10":0,"11":0,"12":0,"13":2,"14":2,"15":1,"16":0,"17":0,"18":0,"19":0,"20":2,"21":2,"22":24,"23":24,"24":24,"25":1,"26":1,"27":12,"28":12,"29":0,"30":11,"31":1,"32":1},"f":{"0":2,"1":0,"2":0,"3":1,"4":0,"5":2,"6":1,"7":1,"8":12,"9":0,"10":11,"11":1},"b":{"0":[0,1],"1":[0,12]},"_coverageSchema":"43e27e138ebf9cfc5966b082cf9a028302ed4184","hash":"072410bd93f132f028fa4e2a3729d0ba2d985732"}
,"/Users/juan.gonzalez/front-end/calendar/mintrick-calendar/src/components/viewers/year-viewer/year-viewer.tsx": {"path":"/Users/juan.gonzalez/front-end/calendar/mintrick-calendar/src/components/viewers/year-viewer/year-viewer.tsx","statementMap":{"0":{"start":{"line":2,"column":19},"end":{"line":8,"column":1}},"1":{"start":{"line":3,"column":4},"end":{"line":3,"column":42}},"2":{"start":{"line":3,"column":31},"end":{"line":3,"column":42}},"3":{"start":{"line":4,"column":17},"end":{"line":4,"column":19}},"4":{"start":{"line":5,"column":4},"end":{"line":5,"column":99}},"5":{"start":{"line":5,"column":21},"end":{"line":5,"column":99}},"6":{"start":{"line":5,"column":40},"end":{"line":5,"column":99}},"7":{"start":{"line":5,"column":80},"end":{"line":5,"column":99}},"8":{"start":{"line":6,"column":4},"end":{"line":6,"column":28}},"9":{"start":{"line":7,"column":4},"end":{"line":7,"column":18}},"10":{"start":{"line":9,"column":22},"end":{"line":11,"column":1}},"11":{"start":{"line":10,"column":4},"end":{"line":10,"column":62}},"12":{"start":{"line":12,"column":0},"end":{"line":12,"column":62}},"13":{"start":{"line":13,"column":131},"end":{"line":13,"column":155}},"14":{"start":{"line":14,"column":15},"end":{"line":14,"column":39}},"15":{"start":{"line":15,"column":16},"end":{"line":15,"column":47}},"16":{"start":{"line":16,"column":17},"end":{"line":16,"column":51}},"17":{"start":{"line":17,"column":15},"end":{"line":17,"column":42}},"18":{"start":{"line":20,"column":8},"end":{"line":20,"column":50}},"19":{"start":{"line":21,"column":8},"end":{"line":21,"column":24}},"20":{"start":{"line":22,"column":8},"end":{"line":22,"column":32}},"21":{"start":{"line":23,"column":8},"end":{"line":23,"column":25}},"22":{"start":{"line":24,"column":8},"end":{"line":24,"column":31}},"23":{"start":{"line":25,"column":8},"end":{"line":25,"column":28}},"24":{"start":{"line":26,"column":8},"end":{"line":31,"column":10}},"25":{"start":{"line":27,"column":12},"end":{"line":27,"column":56}},"26":{"start":{"line":27,"column":36},"end":{"line":27,"column":54}},"27":{"start":{"line":28,"column":12},"end":{"line":28,"column":30}},"28":{"start":{"line":29,"column":12},"end":{"line":29,"column":44}},"29":{"start":{"line":30,"column":12},"end":{"line":30,"column":39}},"30":{"start":{"line":32,"column":8},"end":{"line":32,"column":24}},"31":{"start":{"line":34,"column":8},"end":{"line":39,"column":9}},"32":{"start":{"line":35,"column":12},"end":{"line":35,"column":47}},"33":{"start":{"line":38,"column":12},"end":{"line":38,"column":36}},"34":{"start":{"line":40,"column":8},"end":{"line":40,"column":33}},"35":{"start":{"line":41,"column":8},"end":{"line":41,"column":77}},"36":{"start":{"line":42,"column":8},"end":{"line":42,"column":75}},"37":{"start":{"line":45,"column":8},"end":{"line":47,"column":9}},"38":{"start":{"line":45,"column":21},"end":{"line":45,"column":37}},"39":{"start":{"line":46,"column":12},"end":{"line":46,"column":59}},"40":{"start":{"line":48,"column":8},"end":{"line":48,"column":35}},"41":{"start":{"line":51,"column":8},"end":{"line":54,"column":9}},"42":{"start":{"line":52,"column":22},"end":{"line":52,"column":74}},"43":{"start":{"line":52,"column":43},"end":{"line":52,"column":73}},"44":{"start":{"line":53,"column":12},"end":{"line":53,"column":30}},"45":{"start":{"line":55,"column":8},"end":{"line":55,"column":35}},"46":{"start":{"line":58,"column":8},"end":{"line":62,"column":10}},"47":{"start":{"line":66,"column":8},"end":{"line":71,"column":18}},"48":{"start":{"line":69,"column":40},"end":{"line":69,"column":102}},"49":{"start":{"line":70,"column":16},"end":{"line":70,"column":111}},"50":{"start":{"line":70,"column":80},"end":{"line":70,"column":98}},"51":{"start":{"line":74,"column":33},"end":{"line":241,"column":6}},"52":{"start":{"line":242,"column":15},"end":{"line":242,"column":92}},"53":{"start":{"line":244,"column":0},"end":{"line":244,"column":32}}},"fnMap":{"0":{"name":"(anonymous_0)","decl":{"start":{"line":2,"column":50},"end":{"line":2,"column":51}},"loc":{"start":{"line":2,"column":65},"end":{"line":8,"column":1}},"line":2},"1":{"name":"(anonymous_1)","decl":{"start":{"line":9,"column":56},"end":{"line":9,"column":57}},"loc":{"start":{"line":9,"column":71},"end":{"line":11,"column":1}},"line":9},"2":{"name":"(anonymous_2)","decl":{"start":{"line":19,"column":4},"end":{"line":19,"column":5}},"loc":{"start":{"line":19,"column":25},"end":{"line":43,"column":5}},"line":19},"3":{"name":"(anonymous_3)","decl":{"start":{"line":26,"column":26},"end":{"line":26,"column":27}},"loc":{"start":{"line":26,"column":33},"end":{"line":31,"column":9}},"line":26},"4":{"name":"(anonymous_4)","decl":{"start":{"line":27,"column":31},"end":{"line":27,"column":32}},"loc":{"start":{"line":27,"column":36},"end":{"line":27,"column":54}},"line":27},"5":{"name":"(anonymous_5)","decl":{"start":{"line":44,"column":4},"end":{"line":44,"column":5}},"loc":{"start":{"line":44,"column":23},"end":{"line":49,"column":5}},"line":44},"6":{"name":"(anonymous_6)","decl":{"start":{"line":50,"column":4},"end":{"line":50,"column":5}},"loc":{"start":{"line":50,"column":23},"end":{"line":56,"column":5}},"line":50},"7":{"name":"(anonymous_7)","decl":{"start":{"line":52,"column":38},"end":{"line":52,"column":39}},"loc":{"start":{"line":52,"column":43},"end":{"line":52,"column":73}},"line":52},"8":{"name":"(anonymous_8)","decl":{"start":{"line":57,"column":4},"end":{"line":57,"column":5}},"loc":{"start":{"line":57,"column":15},"end":{"line":63,"column":5}},"line":57},"9":{"name":"(anonymous_9)","decl":{"start":{"line":65,"column":4},"end":{"line":65,"column":5}},"loc":{"start":{"line":65,"column":23},"end":{"line":72,"column":5}},"line":65},"10":{"name":"(anonymous_10)","decl":{"start":{"line":68,"column":81},"end":{"line":68,"column":82}},"loc":{"start":{"line":68,"column":88},"end":{"line":71,"column":13}},"line":68},"11":{"name":"(anonymous_11)","decl":{"start":{"line":70,"column":74},"end":{"line":70,"column":75}},"loc":{"start":{"line":70,"column":80},"end":{"line":70,"column":98}},"line":70},"12":{"name":"(anonymous_12)","decl":{"start":{"line":74,"column":4},"end":{"line":74,"column":5}},"loc":{"start":{"line":74,"column":31},"end":{"line":241,"column":8}},"line":74},"13":{"name":"(anonymous_13)","decl":{"start":{"line":242,"column":4},"end":{"line":242,"column":5}},"loc":{"start":{"line":242,"column":13},"end":{"line":242,"column":94}},"line":242}},"branchMap":{"0":{"loc":{"start":{"line":2,"column":19},"end":{"line":8,"column":1}},"type":"binary-expr","locations":[{"start":{"line":2,"column":20},"end":{"line":2,"column":24}},{"start":{"line":2,"column":28},"end":{"line":2,"column":45}},{"start":{"line":2,"column":50},"end":{"line":8,"column":1}}],"line":2},"1":{"loc":{"start":{"line":3,"column":4},"end":{"line":3,"column":42}},"type":"if","locations":[{"start":{"line":3,"column":4},"end":{"line":3,"column":42}},{"start":{"line":3,"column":4},"end":{"line":3,"column":42}}],"line":3},"2":{"loc":{"start":{"line":3,"column":8},"end":{"line":3,"column":29}},"type":"binary-expr","locations":[{"start":{"line":3,"column":8},"end":{"line":3,"column":11}},{"start":{"line":3,"column":15},"end":{"line":3,"column":29}}],"line":3},"3":{"loc":{"start":{"line":5,"column":4},"end":{"line":5,"column":99}},"type":"if","locations":[{"start":{"line":5,"column":4},"end":{"line":5,"column":99}},{"start":{"line":5,"column":4},"end":{"line":5,"column":99}}],"line":5},"4":{"loc":{"start":{"line":5,"column":40},"end":{"line":5,"column":99}},"type":"if","locations":[{"start":{"line":5,"column":40},"end":{"line":5,"column":99}},{"start":{"line":5,"column":40},"end":{"line":5,"column":99}}],"line":5},"5":{"loc":{"start":{"line":9,"column":22},"end":{"line":11,"column":1}},"type":"binary-expr","locations":[{"start":{"line":9,"column":23},"end":{"line":9,"column":27}},{"start":{"line":9,"column":31},"end":{"line":9,"column":51}},{"start":{"line":9,"column":56},"end":{"line":11,"column":1}}],"line":9},"6":{"loc":{"start":{"line":10,"column":11},"end":{"line":10,"column":61}},"type":"cond-expr","locations":[{"start":{"line":10,"column":37},"end":{"line":10,"column":40}},{"start":{"line":10,"column":43},"end":{"line":10,"column":61}}],"line":10},"7":{"loc":{"start":{"line":10,"column":12},"end":{"line":10,"column":33}},"type":"binary-expr","locations":[{"start":{"line":10,"column":12},"end":{"line":10,"column":15}},{"start":{"line":10,"column":19},"end":{"line":10,"column":33}}],"line":10},"8":{"loc":{"start":{"line":17,"column":15},"end":{"line":17,"column":42}},"type":"binary-expr","locations":[{"start":{"line":17,"column":15},"end":{"line":17,"column":31}},{"start":{"line":17,"column":35},"end":{"line":17,"column":42}}],"line":17},"9":{"loc":{"start":{"line":34,"column":8},"end":{"line":39,"column":9}},"type":"if","locations":[{"start":{"line":34,"column":8},"end":{"line":39,"column":9}},{"start":{"line":34,"column":8},"end":{"line":39,"column":9}}],"line":34},"10":{"loc":{"start":{"line":34,"column":12},"end":{"line":34,"column":65}},"type":"binary-expr","locations":[{"start":{"line":34,"column":12},"end":{"line":34,"column":30}},{"start":{"line":34,"column":34},"end":{"line":34,"column":65}}],"line":34},"11":{"loc":{"start":{"line":51,"column":8},"end":{"line":54,"column":9}},"type":"if","locations":[{"start":{"line":51,"column":8},"end":{"line":54,"column":9}},{"start":{"line":51,"column":8},"end":{"line":54,"column":9}}],"line":51},"12":{"loc":{"start":{"line":69,"column":72},"end":{"line":69,"column":100}},"type":"cond-expr","locations":[{"start":{"line":69,"column":85},"end":{"line":69,"column":95}},{"start":{"line":69,"column":98},"end":{"line":69,"column":100}}],"line":69}},"s":{"0":1,"1":1,"2":0,"3":1,"4":1,"5":1,"6":40,"7":40,"8":1,"9":1,"10":1,"11":1,"12":1,"13":1,"14":1,"15":1,"16":1,"17":1,"18":3,"19":3,"20":3,"21":3,"22":3,"23":3,"24":3,"25":0,"26":0,"27":0,"28":0,"29":0,"30":3,"31":3,"32":3,"33":0,"34":3,"35":3,"36":3,"37":4,"38":4,"39":222,"40":4,"41":2,"42":1,"43":41,"44":1,"45":2,"46":2,"47":2,"48":120,"49":120,"50":0,"51":14,"52":2,"53":1},"f":{"0":1,"1":1,"2":3,"3":0,"4":0,"5":4,"6":2,"7":41,"8":2,"9":2,"10":120,"11":0,"12":14,"13":2},"b":{"0":[1,1,1],"1":[0,1],"2":[1,1],"3":[1,0],"4":[40,0],"5":[1,1,1],"6":[0,1],"7":[1,1],"8":[1,0],"9":[3,0],"10":[3,0],"11":[1,1],"12":[0,120]},"_coverageSchema":"43e27e138ebf9cfc5966b082cf9a028302ed4184","hash":"624a00eee3598e90168aea4995dd73eeda476570"}
,"/Users/juan.gonzalez/front-end/calendar/mintrick-calendar/src/utils/utils.ts": {"path":"/Users/juan.gonzalez/front-end/calendar/mintrick-calendar/src/utils/utils.ts","statementMap":{"0":{"start":{"line":3,"column":2},"end":{"line":7,"column":4}},"1":{"start":{"line":2,"column":0},"end":{"line":2,"column":16}}},"fnMap":{"0":{"name":"format","decl":{"start":{"line":2,"column":16},"end":{"line":2,"column":22}},"loc":{"start":{"line":2,"column":66},"end":{"line":8,"column":1}}}},"branchMap":{"0":{"loc":{"start":{"line":4,"column":5},"end":{"line":4,"column":10}},"type":"binary-expr","locations":[{"start":{"line":4,"column":5},"end":{"line":4,"column":10}},{"start":{"line":4,"column":14},"end":{"line":4,"column":16}}]},"1":{"loc":{"start":{"line":5,"column":14},"end":{"line":5,"column":26}},"type":"cond-expr","locations":[{"start":{"line":5,"column":14},"end":{"line":5,"column":26}},{"start":{"line":5,"column":29},"end":{"line":5,"column":31}}]},"2":{"loc":{"start":{"line":6,"column":12},"end":{"line":6,"column":22}},"type":"cond-expr","locations":[{"start":{"line":6,"column":12},"end":{"line":6,"column":22}},{"start":{"line":6,"column":25},"end":{"line":6,"column":27}}]}},"s":{"0":4,"1":1},"f":{"0":4},"b":{"0":[4,1],"1":[1,3],"2":[2,2]}}
}
