TN:
SF:/Users/juan.gonzalez/front-end/calendar/mintrick-calendar/src/components/viewers/month-viewer/month-viewer.tsx
FN:6,(anonymous_0)
FN:11,(anonymous_1)
FN:12,(anonymous_2)
FN:20,(anonymous_3)
FN:22,(anonymous_4)
FN:27,(anonymous_5)
FN:38,(anonymous_6)
FN:46,(anonymous_7)
FN:49,(anonymous_8)
FN:51,(anonymous_9)
FN:55,(anonymous_10)
FN:171,(anonymous_11)
FNF:12
FNH:8
FNDA:2,(anonymous_0)
FNDA:0,(anonymous_1)
FNDA:0,(anonymous_2)
FNDA:1,(anonymous_3)
FNDA:0,(anonymous_4)
FNDA:2,(anonymous_5)
FNDA:1,(anonymous_6)
FNDA:1,(anonymous_7)
FNDA:12,(anonymous_8)
FNDA:0,(anonymous_9)
FNDA:11,(anonymous_10)
FNDA:1,(anonymous_11)
DA:2,1
DA:3,1
DA:4,1
DA:7,2
DA:8,2
DA:9,2
DA:10,2
DA:11,2
DA:12,0
DA:13,0
DA:14,0
DA:15,0
DA:17,2
DA:18,2
DA:21,1
DA:22,0
DA:23,0
DA:24,0
DA:28,2
DA:29,24
DA:30,24
DA:31,24
DA:39,1
DA:47,1
DA:50,12
DA:51,12
DA:55,11
DA:171,1
DA:173,1
LF:29
LH:22
BRDA:21,0,0,0
BRDA:21,0,1,1
BRDA:50,1,0,0
BRDA:50,1,1,12
BRF:4
BRH:2
end_of_record
TN:
SF:/Users/juan.gonzalez/front-end/calendar/mintrick-calendar/src/components/viewers/year-viewer/year-viewer.tsx
FN:2,(anonymous_0)
FN:9,(anonymous_1)
FN:19,(anonymous_2)
FN:26,(anonymous_3)
FN:27,(anonymous_4)
FN:44,(anonymous_5)
FN:50,(anonymous_6)
FN:52,(anonymous_7)
FN:57,(anonymous_8)
FN:65,(anonymous_9)
FN:68,(anonymous_10)
FN:70,(anonymous_11)
FN:74,(anonymous_12)
FN:242,(anonymous_13)
FNF:14
FNH:11
FNDA:1,(anonymous_0)
FNDA:1,(anonymous_1)
FNDA:3,(anonymous_2)
FNDA:0,(anonymous_3)
FNDA:0,(anonymous_4)
FNDA:4,(anonymous_5)
FNDA:2,(anonymous_6)
FNDA:41,(anonymous_7)
FNDA:2,(anonymous_8)
FNDA:2,(anonymous_9)
FNDA:120,(anonymous_10)
FNDA:0,(anonymous_11)
FNDA:14,(anonymous_12)
FNDA:2,(anonymous_13)
DA:2,1
DA:3,1
DA:4,1
DA:5,40
DA:6,1
DA:7,1
DA:9,1
DA:10,1
DA:12,1
DA:13,1
DA:14,1
DA:15,1
DA:16,1
DA:17,1
DA:20,3
DA:21,3
DA:22,3
DA:23,3
DA:24,3
DA:25,3
DA:26,3
DA:27,0
DA:28,0
DA:29,0
DA:30,0
DA:32,3
DA:34,3
DA:35,3
DA:38,0
DA:40,3
DA:41,3
DA:42,3
DA:45,4
DA:46,222
DA:48,4
DA:51,2
DA:52,41
DA:53,1
DA:55,2
DA:58,2
DA:66,2
DA:69,120
DA:70,120
DA:74,14
DA:242,2
DA:244,1
LF:46
LH:41
BRDA:2,0,0,1
BRDA:2,0,1,1
BRDA:2,0,2,1
BRDA:3,1,0,0
BRDA:3,1,1,1
BRDA:3,2,0,1
BRDA:3,2,1,1
BRDA:5,3,0,1
BRDA:5,3,1,0
BRDA:5,4,0,40
BRDA:5,4,1,0
BRDA:9,5,0,1
BRDA:9,5,1,1
BRDA:9,5,2,1
BRDA:10,6,0,0
BRDA:10,6,1,1
BRDA:10,7,0,1
BRDA:10,7,1,1
BRDA:17,8,0,1
BRDA:17,8,1,0
BRDA:34,9,0,3
BRDA:34,9,1,0
BRDA:34,10,0,3
BRDA:34,10,1,0
BRDA:51,11,0,1
BRDA:51,11,1,1
BRDA:69,12,0,0
BRDA:69,12,1,120
BRF:28
BRH:20
end_of_record
TN:
SF:/Users/juan.gonzalez/front-end/calendar/mintrick-calendar/src/utils/utils.ts
FN:2,format
FNF:1
FNH:1
FNDA:4,format
DA:2,1
DA:3,4
LF:2
LH:2
BRDA:4,0,0,4
BRDA:4,0,1,1
BRDA:5,1,0,1
BRDA:5,1,1,3
BRDA:6,2,0,2
BRDA:6,2,1,2
BRF:6
BRH:6
end_of_record
